Build started 4/15/2014 5:16:50 PM.
     1>Project "C:\Users\Grant Mercer\Documents\GitHub\ParticleSimulator\ParticleSimulation\ParticleSimulation.vcxproj" on node 2 (Rebuild target(s)).
     1>_PrepareForClean:
         Deleting file "x64\Release\ParticleSimulation.lastbuildstate".
       InitializeBuildStatus:
         Creating "x64\Release\ParticleSimulation.unsuccessfulbuild" because "AlwaysCreate" was specified.
       ClCompile:
         C:\Program Files (x86)\Microsoft Visual Studio 11.0\VC\bin\x86_amd64\CL.exe /c /I"C:\local\glew-1.10.0\include" /IC:\local\glm /IC:\local\boost_1_55_0 /I"C:\Program Files\hpx\include" /I"C:\local\SFML-2.1\include" /Zi /nologo /W3 /WX- /O2 /Oi /GL /D SFML_STATIC /D NDEBUG /D _CONSOLE /D _UNICODE /D UNICODE /Gm- /EHsc /MD /GS /Gy /fp:precise /Zc:wchar_t /Zc:forScope /Fo"x64\Release\\" /Fd"x64\Release\vc110.pdb" /Gd /TP /errorReport:prompt controls.cpp main.cpp shader.cpp texture.cpp
         controls.cpp
         GLM: perspective function taking degrees as a parameter is deprecated. #define GLM_FORCE_RADIANS before including GLM headers to remove this message.
         main.cpp
     1>main.cpp(46): warning C4244: 'argument' : conversion from 'time_t' to 'unsigned int', possible loss of data
     1>main.cpp(137): warning C4244: '=' : conversion from 'double' to 'float', possible loss of data
     1>main.cpp(148): warning C4244: 'argument' : conversion from 'double' to 'float', possible loss of data
     1>main.cpp(208): warning C4244: '-=' : conversion from 'double' to 'float', possible loss of data
         shader.cpp
         texture.cpp
     1>texture.cpp(23): warning C4996: 'fopen': This function or variable may be unsafe. Consider using fopen_s instead. To disable deprecation, use _CRT_SECURE_NO_WARNINGS. See online help for details.
                 C:\Program Files (x86)\Microsoft Visual Studio 11.0\VC\include\stdio.h(218) : see declaration of 'fopen'
     1>texture.cpp(141): warning C4996: 'fopen': This function or variable may be unsafe. Consider using fopen_s instead. To disable deprecation, use _CRT_SECURE_NO_WARNINGS. See online help for details.
                 C:\Program Files (x86)\Microsoft Visual Studio 11.0\VC\include\stdio.h(218) : see declaration of 'fopen'
       Link:
         C:\Program Files (x86)\Microsoft Visual Studio 11.0\VC\bin\x86_amd64\link.exe /ERRORREPORT:PROMPT /OUT:"C:\Users\Grant Mercer\Documents\GitHub\ParticleSimulator\x64\Release\ParticleSimulation.exe" /INCREMENTAL:NO /NOLOGO /LIBPATH:"C:\local\glew-1.10.0\lib\Release\x64" /LIBPATH:C:\local\boost_1_55_0\stage\lib /LIBPATH:"C:\Program Files\hpx\lib" /LIBPATH:"C:\local\SFML-2.1\lib" "sfml-system-s.lib" "sfml-window-s.lib" "sfml-graphics-s.lib" glu32.lib opengl32.lib kernel32.lib user32.lib gdi32.lib winspool.lib comdlg32.lib advapi32.lib shell32.lib ole32.lib oleaut32.lib uuid.lib odbc32.lib odbccp32.lib /MANIFEST /MANIFESTUAC:"level='asInvoker' uiAccess='false'" /manifest:embed /DEBUG /PDB:"C:\Users\Grant Mercer\Documents\GitHub\ParticleSimulator\x64\Release\ParticleSimulation.pdb" /SUBSYSTEM:CONSOLE /STACK:"100000000" /OPT:REF /OPT:ICF /LTCG /TLBID:1 /DYNAMICBASE /NXCOMPAT /IMPLIB:"C:\Users\Grant Mercer\Documents\GitHub\ParticleSimulator\x64\Release\ParticleSimulation.lib" /MACHINE:X64 x64\Release\controls.obj
         x64\Release\main.obj
         x64\Release\shader.obj
         x64\Release\texture.obj
         Generating code
         Finished generating code
         ParticleSimulation.vcxproj -> C:\Users\Grant Mercer\Documents\GitHub\ParticleSimulator\x64\Release\ParticleSimulation.exe
       FinalizeBuildStatus:
         Deleting file "x64\Release\ParticleSimulation.unsuccessfulbuild".
         Touching "x64\Release\ParticleSimulation.lastbuildstate".
     1>Done Building Project "C:\Users\Grant Mercer\Documents\GitHub\ParticleSimulator\ParticleSimulation\ParticleSimulation.vcxproj" (Rebuild target(s)).

Build succeeded.

Time Elapsed 00:00:03.36
