C:\USERS\GRANT MERCER\DOCUMENTS\GITHUB\PARTICLESIMULATOR\PARTICLESIMULATION\X64\RELEASE\SHADER.OBJ
C:\USERS\GRANT MERCER\DOCUMENTS\GITHUB\PARTICLESIMULATOR\PARTICLESIMULATION\X64\RELEASE\CONTROLS.OBJ
C:\USERS\GRANT MERCER\DOCUMENTS\GITHUB\PARTICLESIMULATOR\PARTICLESIMULATION\X64\RELEASE\TEXTURE.OBJ
C:\USERS\GRANT MERCER\DOCUMENTS\GITHUB\PARTICLESIMULATOR\PARTICLESIMULATION\X64\RELEASE\VC110.PDB
C:\USERS\GRANT MERCER\DOCUMENTS\GITHUB\PARTICLESIMULATOR\PARTICLESIMULATION\X64\RELEASE\MAIN.OBJ
C:\USERS\GRANT MERCER\DOCUMENTS\GITHUB\PARTICLESIMULATOR\X64\RELEASE\PARTICLESIMULATION.EXE
C:\USERS\GRANT MERCER\DOCUMENTS\GITHUB\PARTICLESIMULATOR\X64\RELEASE\PARTICLESIMULATION.PDB
C:\Users\Grant Mercer\Documents\GitHub\ParticleSimulator\ParticleSimulation\x64\Release\controls.obj
C:\Users\Grant Mercer\Documents\GitHub\ParticleSimulator\ParticleSimulation\x64\Release\main.obj
C:\Users\Grant Mercer\Documents\GitHub\ParticleSimulator\ParticleSimulation\x64\Release\shader.obj
C:\Users\Grant Mercer\Documents\GitHub\ParticleSimulator\ParticleSimulation\x64\Release\texture.obj
C:\Users\Grant Mercer\Documents\GitHub\ParticleSimulator\ParticleSimulation\x64\Release\cl.command.1.tlog
C:\Users\Grant Mercer\Documents\GitHub\ParticleSimulator\ParticleSimulation\x64\Release\CL.read.1.tlog
C:\Users\Grant Mercer\Documents\GitHub\ParticleSimulator\ParticleSimulation\x64\Release\CL.write.1.tlog
C:\Users\Grant Mercer\Documents\GitHub\ParticleSimulator\ParticleSimulation\x64\Release\link-cvtres.read.1.tlog
C:\Users\Grant Mercer\Documents\GitHub\ParticleSimulator\ParticleSimulation\x64\Release\link-cvtres.write.1.tlog
C:\Users\Grant Mercer\Documents\GitHub\ParticleSimulator\ParticleSimulation\x64\Release\link-rc.read.1.tlog
C:\Users\Grant Mercer\Documents\GitHub\ParticleSimulator\ParticleSimulation\x64\Release\link-rc.write.1.tlog
C:\Users\Grant Mercer\Documents\GitHub\ParticleSimulator\ParticleSimulation\x64\Release\link.command.1.tlog
C:\Users\Grant Mercer\Documents\GitHub\ParticleSimulator\ParticleSimulation\x64\Release\link.read.1.tlog
C:\Users\Grant Mercer\Documents\GitHub\ParticleSimulator\ParticleSimulation\x64\Release\link.write.1.tlog
C:\Users\Grant Mercer\Documents\GitHub\ParticleSimulator\ParticleSimulation\x64\Release\vc110.pdb
C:\Users\Grant Mercer\Documents\GitHub\ParticleSimulator\x64\Release\ParticleSimulation.pdb
C:\Users\Grant Mercer\Documents\GitHub\ParticleSimulator\x64\Release\ParticleSimulation.exe
