Build started 4/14/2014 6:01:02 PM.
     1>Project "C:\Users\Grant Mercer\Documents\GitHub\ParticleSimulator\ParticleSimulation\ParticleSimulation.vcxproj" on node 2 (Build target(s)).
     1>InitializeBuildStatus:
         Touching "Debug\ParticleSimulation.unsuccessfulbuild".
       ClCompile:
         C:\Program Files (x86)\Microsoft Visual Studio 11.0\VC\bin\CL.exe /c /I"C:\local\SFML-2.1\include" /ZI /nologo /W3 /WX- /Od /Oy- /D WIN32 /D _DEBUG /D _CONSOLE /D _UNICODE /D UNICODE /D SFML_STATIC /Gm /EHsc /RTC1 /MDd /GS /fp:precise /Zc:wchar_t /Zc:forScope /Fo"Debug\\" /Fd"Debug\vc110.pdb" /Gd /TP /analyze- /errorReport:prompt main.cpp
         main.cpp
     1>c:\users\grant mercer\documents\github\particlesimulator\particlesimulation\main.cpp(24): warning C4244: 'argument' : conversion from 'time_t' to 'unsigned int', possible loss of data
     1>c:\users\grant mercer\documents\github\particlesimulator\particlesimulation\main.cpp(48): warning C4305: 'initializing' : truncation from 'double' to 'float'
     1>c:\users\grant mercer\documents\github\particlesimulator\particlesimulation\main.cpp(53): warning C4244: 'argument' : conversion from 'int' to 'float', possible loss of data
     1>c:\users\grant mercer\documents\github\particlesimulator\particlesimulation\main.cpp(55): warning C4244: 'argument' : conversion from 'int' to 'float', possible loss of data
     1>c:\users\grant mercer\documents\github\particlesimulator\particlesimulation\main.cpp(56): warning C4244: 'argument' : conversion from 'int' to 'float', possible loss of data
     1>c:\users\grant mercer\documents\github\particlesimulator\particlesimulation\main.cpp(58): warning C4244: 'argument' : conversion from 'int' to 'float', possible loss of data
     1>c:\users\grant mercer\documents\github\particlesimulator\particlesimulation\main.cpp(59): warning C4244: 'argument' : conversion from 'int' to 'float', possible loss of data
     1>c:\users\grant mercer\documents\github\particlesimulator\particlesimulation\main.cpp(61): warning C4244: 'argument' : conversion from 'int' to 'float', possible loss of data
     1>c:\users\grant mercer\documents\github\particlesimulator\particlesimulation\main.cpp(110): warning C4244: 'argument' : conversion from 'int' to 'float', possible loss of data
     1>c:\users\grant mercer\documents\github\particlesimulator\particlesimulation\main.cpp(130): warning C4244: '=' : conversion from 'float' to 'unsigned char', possible loss of data
       Link:
         C:\Program Files (x86)\Microsoft Visual Studio 11.0\VC\bin\link.exe /ERRORREPORT:PROMPT /OUT:"C:\Users\Grant Mercer\Documents\GitHub\ParticleSimulator\Debug\ParticleSimulation.exe" /INCREMENTAL:NO /NOLOGO /LIBPATH:"C:\local\SFML-2.1\lib" "sfml-graphics-s-d.lib" "sfml-window-s-d.lib" "sfml-system-s-d.lib" kernel32.lib user32.lib gdi32.lib winspool.lib comdlg32.lib advapi32.lib shell32.lib ole32.lib oleaut32.lib uuid.lib odbc32.lib odbccp32.lib /MANIFEST /MANIFESTUAC:"level='asInvoker' uiAccess='false'" /manifest:embed /DEBUG /PDB:"C:\Users\Grant Mercer\Documents\GitHub\ParticleSimulator\Debug\ParticleSimulation.pdb" /SUBSYSTEM:CONSOLE /TLBID:1 /DYNAMICBASE /NXCOMPAT /IMPLIB:"C:\Users\Grant Mercer\Documents\GitHub\ParticleSimulator\Debug\ParticleSimulation.lib" /MACHINE:X86 Debug\main.obj
         Debug\Particle.obj
         Debug\Utility.obj
     1>main.obj : warning LNK4075: ignoring '/EDITANDCONTINUE' due to '/OPT:LBR' specification
     1>sfml-graphics-s-d.lib(RenderStates.cpp.obj) : fatal error LNK1112: module machine type 'x64' conflicts with target machine type 'X86'
     1>Done Building Project "C:\Users\Grant Mercer\Documents\GitHub\ParticleSimulator\ParticleSimulation\ParticleSimulation.vcxproj" (Build target(s)) -- FAILED.

Build FAILED.

Time Elapsed 00:00:02.22
