C:\USERS\GRANT MERCER\DOCUMENTS\VISUAL STUDIO 2012\PROJECTS\PARTICLESIMULATION\PARTICLESIMULATION\DEBUG\MAIN.OBJ
C:\USERS\GRANT MERCER\DOCUMENTS\VISUAL STUDIO 2012\PROJECTS\PARTICLESIMULATION\PARTICLESIMULATION\DEBUG\PARTICLE.OBJ
C:\USERS\GRANT MERCER\DOCUMENTS\VISUAL STUDIO 2012\PROJECTS\PARTICLESIMULATION\PARTICLESIMULATION\DEBUG\VC110.PDB
C:\USERS\GRANT MERCER\DOCUMENTS\VISUAL STUDIO 2012\PROJECTS\PARTICLESIMULATION\PARTICLESIMULATION\DEBUG\UTILITY.OBJ
c:\Users\grant mercer\documents\visual studio 2012\Projects\ParticleSimulation\ParticleSimulation\Debug\main.obj
c:\Users\grant mercer\documents\visual studio 2012\Projects\ParticleSimulation\ParticleSimulation\Debug\Particle.obj
c:\Users\grant mercer\documents\visual studio 2012\Projects\ParticleSimulation\ParticleSimulation\Debug\Utility.obj
c:\Users\grant mercer\documents\visual studio 2012\Projects\ParticleSimulation\ParticleSimulation\Debug\cl.command.1.tlog
c:\Users\grant mercer\documents\visual studio 2012\Projects\ParticleSimulation\ParticleSimulation\Debug\CL.read.1.tlog
c:\Users\grant mercer\documents\visual studio 2012\Projects\ParticleSimulation\ParticleSimulation\Debug\CL.write.1.tlog
c:\Users\grant mercer\documents\visual studio 2012\Projects\ParticleSimulation\ParticleSimulation\Debug\link-cvtres.read.1.tlog
c:\Users\grant mercer\documents\visual studio 2012\Projects\ParticleSimulation\ParticleSimulation\Debug\link-cvtres.write.1.tlog
c:\Users\grant mercer\documents\visual studio 2012\Projects\ParticleSimulation\ParticleSimulation\Debug\link-rc.read.1.tlog
c:\Users\grant mercer\documents\visual studio 2012\Projects\ParticleSimulation\ParticleSimulation\Debug\link-rc.write.1.tlog
c:\Users\grant mercer\documents\visual studio 2012\Projects\ParticleSimulation\ParticleSimulation\Debug\link.command.1.tlog
c:\Users\grant mercer\documents\visual studio 2012\Projects\ParticleSimulation\ParticleSimulation\Debug\link.read.1.tlog
c:\Users\grant mercer\documents\visual studio 2012\Projects\ParticleSimulation\ParticleSimulation\Debug\link.write.1.tlog
c:\Users\grant mercer\documents\visual studio 2012\Projects\ParticleSimulation\ParticleSimulation\Debug\vc110.idb
c:\Users\grant mercer\documents\visual studio 2012\Projects\ParticleSimulation\ParticleSimulation\Debug\vc110.pdb
c:\users\grant mercer\documents\visual studio 2012\Projects\ParticleSimulation\Debug\ParticleSimulation.pdb
