Build started 5/17/2014 4:20:51 PM.
     1>Project "C:\Users\Gmercer\Documents\GitHub\ParticleSimulator\ParticleSimulation\ParticleSimulation.vcxproj" on node 2 (Build target(s)).
     1>ClCompile:
         C:\Program Files (x86)\Microsoft Visual Studio 11.0\VC\bin\x86_amd64\CL.exe /c /IC:\local\glm /I"C:\local\glew-1.10.0\include" /I"C:\local\SFML-2.1\include" /Zi /nologo /W3 /WX- /Od /D _DEBUG /D _CONSOLE /D _UNICODE /D UNICODE /D SFML_STATIC /Gm /EHsc /RTC1 /MDd /GS /fp:precise /Zc:wchar_t /Zc:forScope /Fo"x64\Debug\\" /Fd"x64\Debug\vc110.pdb" /Gd /TP /errorReport:prompt Common\controls.cpp Common\shader.cpp Common\texture.cpp main.cpp
         main.cpp
     1>main.cpp(19): warning C4244: 'initializing' : conversion from 'double' to 'const int', possible loss of data
     1>main.cpp(41): warning C4244: 'argument' : conversion from 'time_t' to 'unsigned int', possible loss of data
     1>main.cpp(144): warning C4244: 'argument' : conversion from 'double' to 'float', possible loss of data
     1>main.cpp(191): warning C4244: '-=' : conversion from 'double' to 'float', possible loss of data
     1>main.cpp(217): warning C4244: '=' : conversion from 'double' to 'float', possible loss of data
     1>main.cpp(230): warning C4244: '=' : conversion from 'float' to 'unsigned char', possible loss of data
     1>main.cpp(360): error C2601: 'FindUnusedParticle' : local function definitions are illegal
                 main.cpp(39): this line contains a '{' which has not yet been matched
     1>main.cpp(380): error C2601: 'SortParticles' : local function definitions are illegal
                 main.cpp(39): this line contains a '{' which has not yet been matched
     1>main.cpp(385): error C2601: 'clamp' : local function definitions are illegal
                 main.cpp(39): this line contains a '{' which has not yet been matched
     1>main.cpp(395): fatal error C1075: end of file found before the left brace '{' at 'main.cpp(39)' was matched
         texture.cpp
     1>Common\texture.cpp(23): warning C4996: 'fopen': This function or variable may be unsafe. Consider using fopen_s instead. To disable deprecation, use _CRT_SECURE_NO_WARNINGS. See online help for details.
                 C:\Program Files (x86)\Microsoft Visual Studio 11.0\VC\include\stdio.h(218) : see declaration of 'fopen'
     1>Common\texture.cpp(141): warning C4996: 'fopen': This function or variable may be unsafe. Consider using fopen_s instead. To disable deprecation, use _CRT_SECURE_NO_WARNINGS. See online help for details.
                 C:\Program Files (x86)\Microsoft Visual Studio 11.0\VC\include\stdio.h(218) : see declaration of 'fopen'
         shader.cpp
         controls.cpp
         GLM: perspective function taking degrees as a parameter is deprecated. #define GLM_FORCE_RADIANS before including GLM headers to remove this message.
         Generating Code...
     1>Done Building Project "C:\Users\Gmercer\Documents\GitHub\ParticleSimulator\ParticleSimulation\ParticleSimulation.vcxproj" (Build target(s)) -- FAILED.

Build FAILED.

Time Elapsed 00:00:07.69
