C:\USERS\GRANT MERCER\DOCUMENTS\GITHUB\PARTICLESIMULATOR\PARTICLESIMULATION\X64\DEBUG\MAIN.OBJ
C:\USERS\GRANT MERCER\DOCUMENTS\GITHUB\PARTICLESIMULATOR\PARTICLESIMULATION\X64\DEBUG\PARTICLE.OBJ
C:\USERS\GRANT MERCER\DOCUMENTS\GITHUB\PARTICLESIMULATOR\PARTICLESIMULATION\X64\DEBUG\UTILITY.OBJ
C:\USERS\GRANT MERCER\DOCUMENTS\GITHUB\PARTICLESIMULATOR\PARTICLESIMULATION\X64\DEBUG\VC110.PDB
C:\USERS\GRANT MERCER\DOCUMENTS\GITHUB\PARTICLESIMULATOR\X64\DEBUG\PARTICLESIMULATION.EXE
C:\USERS\GRANT MERCER\DOCUMENTS\GITHUB\PARTICLESIMULATOR\X64\DEBUG\PARTICLESIMULATION.PDB
C:\Users\Grant Mercer\Documents\GitHub\ParticleSimulator\ParticleSimulation\x64\Debug\main.obj
C:\Users\Grant Mercer\Documents\GitHub\ParticleSimulator\ParticleSimulation\x64\Debug\Particle.obj
C:\Users\Grant Mercer\Documents\GitHub\ParticleSimulator\ParticleSimulation\x64\Debug\Utility.obj
C:\Users\Grant Mercer\Documents\GitHub\ParticleSimulator\ParticleSimulation\x64\Debug\cl.command.1.tlog
C:\Users\Grant Mercer\Documents\GitHub\ParticleSimulator\ParticleSimulation\x64\Debug\CL.read.1.tlog
C:\Users\Grant Mercer\Documents\GitHub\ParticleSimulator\ParticleSimulation\x64\Debug\CL.write.1.tlog
C:\Users\Grant Mercer\Documents\GitHub\ParticleSimulator\ParticleSimulation\x64\Debug\link-cvtres.read.1.tlog
C:\Users\Grant Mercer\Documents\GitHub\ParticleSimulator\ParticleSimulation\x64\Debug\link-cvtres.write.1.tlog
C:\Users\Grant Mercer\Documents\GitHub\ParticleSimulator\ParticleSimulation\x64\Debug\link-rc.read.1.tlog
C:\Users\Grant Mercer\Documents\GitHub\ParticleSimulator\ParticleSimulation\x64\Debug\link-rc.write.1.tlog
C:\Users\Grant Mercer\Documents\GitHub\ParticleSimulator\ParticleSimulation\x64\Debug\link.command.1.tlog
C:\Users\Grant Mercer\Documents\GitHub\ParticleSimulator\ParticleSimulation\x64\Debug\link.read.1.tlog
C:\Users\Grant Mercer\Documents\GitHub\ParticleSimulator\ParticleSimulation\x64\Debug\link.read.2.tlog
C:\Users\Grant Mercer\Documents\GitHub\ParticleSimulator\ParticleSimulation\x64\Debug\link.write.1.tlog
C:\Users\Grant Mercer\Documents\GitHub\ParticleSimulator\ParticleSimulation\x64\Debug\vc110.idb
C:\Users\Grant Mercer\Documents\GitHub\ParticleSimulator\ParticleSimulation\x64\Debug\vc110.pdb
C:\Users\Grant Mercer\Documents\GitHub\ParticleSimulator\x64\Debug\ParticleSimulation.pdb
C:\Users\Grant Mercer\Documents\GitHub\ParticleSimulator\x64\Debug\ParticleSimulation.exe
